<?xml version="1.0" encoding="UTF-8"?>
<!-- Generated by org.testng.reporters.JUnitReportReporter -->
<testsuite hostname="Dharaneesha-PC" failures="0" tests="6" name="testing.Test1" time="0.017" errors="0" timestamp="2022-10-10T23:03:48 IST" skipped="1">
  <testcase classname="testing.Test1" name="calls" time="0.003"/>
  <system-out>
    <![CDATA[calls]]>
  </system-out>
  <testcase classname="testing.Test1" name="calls" time="0.002"/>
  <system-out>
    <![CDATA[calls]]>
  </system-out>
  <testcase classname="testing.Test1" name="calls" time="0.001"/>
  <system-out>
    <![CDATA[calls]]>
  </system-out>
  <testcase classname="testing.Test1" name="calls" time="0.009"/>
  <system-out>
    <![CDATA[calls]]>
  </system-out>
  <testcase classname="testing.Test1" name="chats" time="0.002"/>
  <system-out>
    <![CDATA[chats]]>
  </system-out>
  <testcase classname="testing.Test1" name="settings">
    <skipped/>
  </testcase> <!-- settings -->
  <system-out/>
</testsuite> <!-- testing.Test1 -->
