<?xml version="1.0" encoding="UTF-8"?>
<!-- Generated by org.testng.reporters.JUnitReportReporter -->
<testsuite hostname="Dharaneesha-PC" failures="0" tests="1" name="testing.Test0" time="0.014" errors="0" timestamp="2022-10-10T22:51:19 IST" skipped="0">
  <testcase classname="testing.Test0" name="demo" time="0.014"/>
  <system-out>
    <![CDATA[Hello Selenium
Hello Java]]>
  </system-out>
</testsuite> <!-- testing.Test0 -->
