<?xml version="1.0" encoding="UTF-8"?>
<!-- Generated by org.testng.reporters.JUnitReportReporter -->
<testsuite hostname="Dharaneesha-PC" failures="0" tests="1" name="assertion.Test2" time="13.842" errors="0" timestamp="2022-10-12T00:07:07 IST" skipped="0">
  <testcase classname="assertion.Test2" name="login" time="13.842"/>
  <system-out>
    <![CDATA[actiTIME - Login
https://demo.actitime.com/login.do]]>
  </system-out>
</testsuite> <!-- assertion.Test2 -->
