<?xml version="1.0" encoding="UTF-8"?>
<!-- Generated by org.testng.reporters.JUnitReportReporter -->
<testsuite hostname="Dharaneesha-PC" failures="0" tests="1" name="testing.Testcase1" time="10.765" errors="0" timestamp="2022-10-10T23:52:12 IST" skipped="0">
  <testcase classname="testing.Testcase1" name="login" time="10.765"/>
  <system-out>
    <![CDATA[actiTIME - Login
https://demo.actitime.com/login.do]]>
  </system-out>
</testsuite> <!-- testing.Testcase1 -->
