<?xml version="1.0" encoding="UTF-8"?>
<!-- Generated by org.testng.reporters.JUnitReportReporter -->
<testsuite hostname="Dharaneesha-PC" failures="0" tests="1" name="testing.Testcase2" time="13.854" errors="0" timestamp="2022-10-12T00:02:10 IST" skipped="0">
  <testcase classname="testing.Testcase2" name="forgotPassword" time="13.854"/>
  <system-out>
    <![CDATA[actiTIME - Login
https://demo.actitime.com/login.do]]>
  </system-out>
</testsuite> <!-- testing.Testcase2 -->
