<?xml version="1.0" encoding="UTF-8"?>
<!-- Generated by org.testng.reporters.JUnitReportReporter -->
<testsuite hostname="Dharaneesha-PC" failures="0" tests="3" name="assertion.Test3" time="66.105" errors="0" timestamp="2022-10-12T00:31:44 IST" skipped="0">
  <testcase classname="assertion.Test3" name="demo" time="21.710"/>
  <system-out/>
  <testcase classname="assertion.Test3" name="demo" time="24.222"/>
  <system-out/>
  <testcase classname="assertion.Test3" name="demo" time="20.173"/>
  <system-out/>
</testsuite> <!-- assertion.Test3 -->
