<?xml version="1.0" encoding="UTF-8"?>
<!-- Generated by org.testng.reporters.JUnitReportReporter -->
<testsuite hostname="Dharaneesha-PC" failures="0" tests="1" name="testing.Testcase3" time="19.020" errors="0" timestamp="2022-10-12T00:02:10 IST" skipped="0">
  <testcase classname="testing.Testcase3" name="actiTimeInc" time="19.020"/>
  <system-out>
    <![CDATA[actiTIME - Login
https://demo.actitime.com/login.do]]>
  </system-out>
</testsuite> <!-- testing.Testcase3 -->
